{
  "RSpec": {
    "coverage": {
      "/home/uamin/RubymineProjects/Ruby/logger_script/lib/logger_script/version.rb": {
        "lines": [
          1,
          1,
          null
        ]
      },
      "/home/uamin/RubymineProjects/Ruby/logger_script/lib/logger_script.rb": {
        "lines": [
          1,
          1,
          1,
          1,
          1,
          1,
          null,
          1,
          1,
          null,
          1,
          1,
          0,
          0,
          0,
          null,
          1,
          0,
          0,
          0,
          0,
          0,
          0,
          null,
          null,
          1,
          1,
          0,
          0,
          0,
          null,
          null,
          null,
          null,
          null
        ]
      },
      "/home/uamin/RubymineProjects/Ruby/logger_script/lib/file_handler.rb": {
        "lines": [
          1,
          1,
          1,
          1,
          0,
          null,
          1,
          0,
          0,
          null,
          null,
          1,
          0,
          0,
          null,
          null,
          1,
          0,
          null,
          1,
          1,
          1,
          0,
          0,
          0,
          0,
          null,
          0,
          null,
          0,
          0,
          null,
          0,
          0,
          null,
          0,
          null,
          null,
          null
        ]
      },
      "/home/uamin/RubymineProjects/Ruby/logger_script/lib/db_handler.rb": {
        "lines": [
          1,
          1,
          1,
          1,
          1,
          1,
          null,
          null,
          1,
          0,
          null,
          1,
          1,
          1,
          null,
          501,
          1,
          1,
          500,
          500,
          null,
          null,
          null,
          1,
          0,
          null,
          1,
          1,
          null,
          1,
          0,
          0,
          0,
          null,
          null
        ]
      }
    },
    "timestamp": 1616145957
  }
}
